XL2XML XML v1.0.5.0
Copyright (C) 2008 CSIRO. All rights reserved.

[              ] Reading                                          [   0.07812 ]
                 C:\aWorkspace\CGI_GeoSciML\ConceptVocabWorkingGr              
                 oup\Vocabulary200811\CompositionCategory200811.x              
                 ls...                                                         
[              ] Data has been successfully exported.             [   1.89062 ]
[ GSML_SKOS... ] Processing thread has started.                   [   1.92188 ]
[ GSML_SKOS... ] Encoding data...                                 [   1.96875 ]
[ GSML_SKOS... ] Encoded data saved to                            [   2.09375 ]
                 C:\aWorkspace\CGI_GeoSciML\ConceptVocabWorkingGr              
                 oup\GSML_SKOS_fromXSL\CompositionCategory200811.              
                 rdf                                                           
[ GSML_SKOS... ] Processing thread has finished.                  [   2.09375 ]
XL2XML XML v1.0.5.0
Copyright (C) 2008 CSIRO. All rights reserved.

[              ] Reading                                          [   0.07812 ]
                 C:\aWorkspace\CGI_GeoSciML\ConceptVocabWorkingGr              
                 oup\Vocabulary200811\CompoundMaterialConstituent              
                 PartRole200811.xls...                                         
[              ] Data has been successfully exported.             [   0.45312 ]
[ GSML_SKOS... ] Processing thread has started.                   [   0.46875 ]
[ GSML_SKOS... ] Encoding data...                                 [       0.5 ]
[ GSML_SKOS... ] Encoded data saved to                            [   0.57812 ]
                 C:\aWorkspace\CGI_GeoSciML\ConceptVocabWorkingGr              
                 oup\GSML_SKOS_fromXSL\CompoundMaterialConstituen              
                 tPartRole200811.rdf                                           
[ GSML_SKOS... ] Processing thread has finished.                  [   0.57812 ]
XL2XML XML v1.0.5.0
Copyright (C) 2008 CSIRO. All rights reserved.

[              ] Reading                                          [   0.09375 ]
                 C:\aWorkspace\CGI_GeoSciML\ConceptVocabWorkingGr              
                 oup\Vocabulary200811\ConsolidationDegree200811.x              
                 ls...                                                         
[              ] Data has been successfully exported.             [   0.40625 ]
[ GSML_SKOS... ] Processing thread has started.                   [   0.42188 ]
[ GSML_SKOS... ] Encoding data...                                 [   0.46875 ]
[ GSML_SKOS... ] Encoded data saved to                            [   0.54688 ]
                 C:\aWorkspace\CGI_GeoSciML\ConceptVocabWorkingGr              
                 oup\GSML_SKOS_fromXSL\ConsolidationDegree200811.              
                 rdf                                                           
[ GSML_SKOS... ] Processing thread has finished.                  [   0.54688 ]
XL2XML XML v1.0.5.0
Copyright (C) 2008 CSIRO. All rights reserved.

[              ] Reading                                          [   0.09375 ]
                 C:\aWorkspace\CGI_GeoSciML\ConceptVocabWorkingGr              
                 oup\Vocabulary200811\ContactCharacter200811.xls.              
                 ..                                                            
[              ] Data has been successfully exported.             [   0.40625 ]
[ GSML_SKOS... ] Processing thread has started.                   [   0.42188 ]
[ GSML_SKOS... ] Encoding data...                                 [   0.45312 ]
[ GSML_SKOS... ] Encoded data saved to                            [   0.53125 ]
                 C:\aWorkspace\CGI_GeoSciML\ConceptVocabWorkingGr              
                 oup\GSML_SKOS_fromXSL\ContactCharacter200811.rdf              
[ GSML_SKOS... ] Processing thread has finished.                  [   0.53125 ]
XL2XML XML v1.0.5.0
Copyright (C) 2008 CSIRO. All rights reserved.

[              ] Reading                                          [   0.07812 ]
                 C:\aWorkspace\CGI_GeoSciML\ConceptVocabWorkingGr              
                 oup\Vocabulary200811\ContactType200811.xls...                 
[              ] Data has been successfully exported.             [   0.34375 ]
[ GSML_SKOS... ] Processing thread has started.                   [   0.40625 ]
[ GSML_SKOS... ] Encoding data...                                 [    0.4375 ]
[ GSML_SKOS... ] Encoded data saved to                            [   0.51562 ]
                 C:\aWorkspace\CGI_GeoSciML\ConceptVocabWorkingGr              
                 oup\GSML_SKOS_fromXSL\ContactType200811.rdf                   
[ GSML_SKOS... ] Processing thread has finished.                  [   0.51562 ]
XL2XML XML v1.0.5.0
Copyright (C) 2008 CSIRO. All rights reserved.

[              ] Reading                                          [   0.07812 ]
                 C:\aWorkspace\CGI_GeoSciML\ConceptVocabWorkingGr              
                 oup\Vocabulary200811\ConventionCode_CodeList2008              
                 11.xls...                                                     
[              ] Data has been successfully exported.             [   0.35938 ]
[ GSML_SKOS... ] Processing thread has started.                   [   0.35938 ]
[ GSML_SKOS... ] Encoding data...                                 [   0.40625 ]
[ GSML_SKOS... ] Encoded data saved to                            [   0.46875 ]
                 C:\aWorkspace\CGI_GeoSciML\ConceptVocabWorkingGr              
                 oup\GSML_SKOS_fromXSL\ConventionCode200811.rdf                
[ GSML_SKOS... ] Processing thread has finished.                  [   0.46875 ]
XL2XML XML v1.0.5.0
Copyright (C) 2008 CSIRO. All rights reserved.

[              ] Reading                                          [   0.07812 ]
                 C:\aWorkspace\CGI_GeoSciML\ConceptVocabWorkingGr              
                 oup\Vocabulary200811\DescriptionPurpose_CodeList              
                 200811.xls...                                                 
[              ] Data has been successfully exported.             [   0.39062 ]
[ GSML_SKOS... ] Processing thread has started.                   [   0.39062 ]
[ GSML_SKOS... ] Encoding data...                                 [    0.4375 ]
[ GSML_SKOS... ] Encoded data saved to                            [       0.5 ]
                 C:\aWorkspace\CGI_GeoSciML\ConceptVocabWorkingGr              
                 oup\GSML_SKOS_fromXSL\DescriptionPurpose200811.r              
                 df                                                            
[ GSML_SKOS... ] Processing thread has finished.                  [       0.5 ]
XL2XML XML v1.0.5.0
Copyright (C) 2008 CSIRO. All rights reserved.

[              ] Reading                                          [   0.07812 ]
                 C:\aWorkspace\CGI_GeoSciML\ConceptVocabWorkingGr              
                 oup\Vocabulary200811\DeterminationMethod_orienta              
                 tion200811.xls...                                             
[              ] Data has been successfully exported.             [   0.35938 ]
[ GSML_SKOS... ] Processing thread has started.                   [   0.39062 ]
[ GSML_SKOS... ] Encoding data...                                 [   0.42188 ]
[ GSML_SKOS... ] Encoded data saved to                            [   0.48438 ]
                 C:\aWorkspace\CGI_GeoSciML\ConceptVocabWorkingGr              
                 oup\GSML_SKOS_fromXSL\DeterminationMethod_orient              
                 ation200811.rdf                                               
[ GSML_SKOS... ] Processing thread has finished.                  [   0.48438 ]
XL2XML XML v1.0.5.0
Copyright (C) 2008 CSIRO. All rights reserved.

[              ] Reading                                          [   0.07812 ]
                 C:\aWorkspace\CGI_GeoSciML\ConceptVocabWorkingGr              
                 oup\Vocabulary200811\EventEnvironment200811.xls.              
                 ..                                                            
[              ] Data has been successfully exported.             [     0.375 ]
[ GSML_SKOS... ] Processing thread has started.                   [   0.40625 ]
[ GSML_SKOS... ] Encoding data...                                 [    0.4375 ]
[ GSML_SKOS... ] Encoded data saved to                            [   0.57812 ]
                 C:\aWorkspace\CGI_GeoSciML\ConceptVocabWorkingGr              
                 oup\GSML_SKOS_fromXSL\EventEnvironment200811.rdf              
[ GSML_SKOS... ] Processing thread has finished.                  [   0.57812 ]
XL2XML XML v1.0.5.0
Copyright (C) 2008 CSIRO. All rights reserved.

[              ] Reading                                          [   0.07812 ]
                 C:\aWorkspace\CGI_GeoSciML\ConceptVocabWorkingGr              
                 oup\Vocabulary200811\EventProcess200811.xls...                
[              ] Data has been successfully exported.             [     0.375 ]
[ GSML_SKOS... ] Processing thread has started.                   [   0.39062 ]
[ GSML_SKOS... ] Encoding data...                                 [   0.42188 ]
[ GSML_SKOS... ] Encoded data saved to                            [   0.51562 ]
                 C:\aWorkspace\CGI_GeoSciML\ConceptVocabWorkingGr              
                 oup\GSML_SKOS_fromXSL\EventProcess200811.rdf                  
[ GSML_SKOS... ] Processing thread has finished.                  [   0.51562 ]
XL2XML XML v1.0.5.0
Copyright (C) 2008 CSIRO. All rights reserved.

[              ] Reading                                          [   0.07812 ]
                 C:\aWorkspace\CGI_GeoSciML\ConceptVocabWorkingGr              
                 oup\Vocabulary200811\FaultMovementSense200811.xl              
                 s...                                                          
[              ] Data has been successfully exported.             [     0.375 ]
[ GSML_SKOS... ] Processing thread has started.                   [   0.39062 ]
[ GSML_SKOS... ] Encoding data...                                 [    0.4375 ]
[ GSML_SKOS... ] Encoded data saved to                            [   0.51562 ]
                 C:\aWorkspace\CGI_GeoSciML\ConceptVocabWorkingGr              
                 oup\GSML_SKOS_fromXSL\FaultMovementSense200811.r              
                 df                                                            
[ GSML_SKOS... ] Processing thread has finished.                  [   0.51562 ]
XL2XML XML v1.0.5.0
Copyright (C) 2008 CSIRO. All rights reserved.

[              ] Reading                                          [   0.07812 ]
                 C:\aWorkspace\CGI_GeoSciML\ConceptVocabWorkingGr              
                 oup\Vocabulary200811\FaultMovementType200811.xls              
                 ...                                                           
[              ] Data has been successfully exported.             [   0.35938 ]
[ GSML_SKOS... ] Processing thread has started.                   [     0.375 ]
[ GSML_SKOS... ] Encoding data...                                 [   0.45312 ]
[ GSML_SKOS... ] Encoded data saved to                            [   0.53125 ]
                 C:\aWorkspace\CGI_GeoSciML\ConceptVocabWorkingGr              
                 oup\GSML_SKOS_fromXSL\FaultMovementType200811.rd              
                 f                                                             
[ GSML_SKOS... ] Processing thread has finished.                  [   0.53125 ]
XL2XML XML v1.0.5.0
Copyright (C) 2008 CSIRO. All rights reserved.

[              ] Reading                                          [   0.09375 ]
                 C:\aWorkspace\CGI_GeoSciML\ConceptVocabWorkingGr              
                 oup\Vocabulary200811\GeneticCategory200811.xls..              
                 .                                                             
[              ] Data has been successfully exported.             [   0.42188 ]
[ GSML_SKOS... ] Processing thread has started.                   [    0.4375 ]
[ GSML_SKOS... ] Encoding data...                                 [   0.48438 ]
[ GSML_SKOS... ] Encoded data saved to                            [    0.5625 ]
                 C:\aWorkspace\CGI_GeoSciML\ConceptVocabWorkingGr              
                 oup\GSML_SKOS_fromXSL\GeneticCategory200811.rdf               
[ GSML_SKOS... ] Processing thread has finished.                  [    0.5625 ]
XL2XML XML v1.0.5.0
Copyright (C) 2008 CSIRO. All rights reserved.

[              ] Reading                                          [   0.09375 ]
                 C:\aWorkspace\CGI_GeoSciML\ConceptVocabWorkingGr              
                 oup\Vocabulary200811\GeologicUnitMorphology20081              
                 1.xls...                                                      
[              ] Data has been successfully exported.             [   0.42188 ]
[ GSML_SKOS... ] Processing thread has started.                   [   0.45312 ]
[ GSML_SKOS... ] Encoding data...                                 [       0.5 ]
[ GSML_SKOS... ] Encoded data saved to                            [   0.59375 ]
                 C:\aWorkspace\CGI_GeoSciML\ConceptVocabWorkingGr              
                 oup\GSML_SKOS_fromXSL\GeologicUnitMorphology2008              
                 11.rdf                                                        
[ GSML_SKOS... ] Processing thread has finished.                  [   0.59375 ]
XL2XML XML v1.0.5.0
Copyright (C) 2008 CSIRO. All rights reserved.

[              ] Reading                                          [   0.07812 ]
                 C:\aWorkspace\CGI_GeoSciML\ConceptVocabWorkingGr              
                 oup\Vocabulary200811\GeologicUnitPartRole200811.              
                 xls...                                                        
[              ] Data has been successfully exported.             [   0.35938 ]
[ GSML_SKOS... ] Processing thread has started.                   [     0.375 ]
[ GSML_SKOS... ] Encoding data...                                 [   0.42188 ]
[ GSML_SKOS... ] Encoded data saved to                            [       0.5 ]
                 C:\aWorkspace\CGI_GeoSciML\ConceptVocabWorkingGr              
                 oup\GSML_SKOS_fromXSL\GeologicUnitPartRole200811              
                 .rdf                                                          
[ GSML_SKOS... ] Processing thread has finished.                  [       0.5 ]
XL2XML XML v1.0.5.0
Copyright (C) 2008 CSIRO. All rights reserved.

[              ] Reading                                          [   0.07812 ]
                 C:\aWorkspace\CGI_GeoSciML\ConceptVocabWorkingGr              
                 oup\Vocabulary200811\GeologicUnitType200811.xls.              
                 ..                                                            
[              ] Data has been successfully exported.             [   0.35938 ]
[ GSML_SKOS... ] Processing thread has started.                   [   0.39062 ]
[ GSML_SKOS... ] Encoding data...                                 [   0.42188 ]
[ GSML_SKOS... ] Encoded data saved to                            [   0.54688 ]
                 C:\aWorkspace\CGI_GeoSciML\ConceptVocabWorkingGr              
                 oup\GSML_SKOS_fromXSL\GeologicUnitType200811.rdf              
[ GSML_SKOS... ] Processing thread has finished.                  [   0.54688 ]
XL2XML XML v1.0.5.0
Copyright (C) 2008 CSIRO. All rights reserved.

[              ] Reading                                          [   0.07812 ]
                 C:\aWorkspace\CGI_GeoSciML\ConceptVocabWorkingGr              
                 oup\Vocabulary200811\MappedFeatureObservationMet              
                 hod200811.xls...                                              
[              ] Data has been successfully exported.             [   0.34375 ]
[ GSML_SKOS... ] Processing thread has started.                   [   0.35938 ]
[ GSML_SKOS... ] Encoding data...                                 [   0.39062 ]
[ GSML_SKOS... ] Encoded data saved to                            [   0.46875 ]
                 C:\aWorkspace\CGI_GeoSciML\ConceptVocabWorkingGr              
                 oup\GSML_SKOS_fromXSL\MappedFeatureObservationMe              
                 thod200811.rdf                                                
[ GSML_SKOS... ] Processing thread has finished.                  [   0.46875 ]
XL2XML XML v1.0.5.0
Copyright (C) 2008 CSIRO. All rights reserved.

[              ] Reading                                          [   0.07812 ]
                 C:\aWorkspace\CGI_GeoSciML\ConceptVocabWorkingGr              
                 oup\Vocabulary200811\ParticleAspectRatio200811.x              
                 ls...                                                         
[              ] Data has been successfully exported.             [   0.34375 ]
[ GSML_SKOS... ] Processing thread has started.                   [   0.39062 ]
[ GSML_SKOS... ] Encoding data...                                 [    0.4375 ]
[ GSML_SKOS... ] Encoded data saved to                            [       0.5 ]
                 C:\aWorkspace\CGI_GeoSciML\ConceptVocabWorkingGr              
                 oup\GSML_SKOS_fromXSL\ParticleAspectRatio200811.              
                 rdf                                                           
[ GSML_SKOS... ] Processing thread has finished.                  [       0.5 ]
XL2XML XML v1.0.5.0
Copyright (C) 2008 CSIRO. All rights reserved.

[              ] Reading                                          [   0.07812 ]
                 C:\aWorkspace\CGI_GeoSciML\ConceptVocabWorkingGr              
                 oup\Vocabulary200811\ParticleShape200811.xls...               
[              ] Data has been successfully exported.             [   0.35938 ]
[ GSML_SKOS... ] Processing thread has started.                   [   0.39062 ]
[ GSML_SKOS... ] Encoding data...                                 [   0.42188 ]
[ GSML_SKOS... ] Encoded data saved to                            [   0.48438 ]
                 C:\aWorkspace\CGI_GeoSciML\ConceptVocabWorkingGr              
                 oup\GSML_SKOS_fromXSL\ParticleShape200811.rdf                 
[ GSML_SKOS... ] Processing thread has finished.                  [   0.48438 ]
XL2XML XML v1.0.5.0
Copyright (C) 2008 CSIRO. All rights reserved.

[              ] Reading                                          [   0.07812 ]
                 C:\aWorkspace\CGI_GeoSciML\ConceptVocabWorkingGr              
                 oup\Vocabulary200811\ParticleType200811.xls...                
[              ] Data has been successfully exported.             [   0.35938 ]
[ GSML_SKOS... ] Processing thread has started.                   [     0.375 ]
[ GSML_SKOS... ] Encoding data...                                 [   0.40625 ]
[ GSML_SKOS... ] Encoded data saved to                            [       0.5 ]
                 C:\aWorkspace\CGI_GeoSciML\ConceptVocabWorkingGr              
                 oup\GSML_SKOS_fromXSL\ParticleType200811.rdf                  
[ GSML_SKOS... ] Processing thread has finished.                  [       0.5 ]
XL2XML XML v1.0.5.0
Copyright (C) 2008 CSIRO. All rights reserved.

[              ] Reading                                          [   0.07812 ]
                 C:\aWorkspace\CGI_GeoSciML\ConceptVocabWorkingGr              
                 oup\Vocabulary200811\ProportionTerm200811.xls...              
[              ] Data has been successfully exported.             [     0.375 ]
[ GSML_SKOS... ] Processing thread has started.                   [   0.39062 ]
[ GSML_SKOS... ] Encoding data...                                 [   0.42188 ]
[ GSML_SKOS... ] Encoded data saved to                            [       0.5 ]
                 C:\aWorkspace\CGI_GeoSciML\ConceptVocabWorkingGr              
                 oup\GSML_SKOS_fromXSL\ProportionTerm200811.rdf                
[ GSML_SKOS... ] Processing thread has finished.                  [       0.5 ]
XL2XML XML v1.0.5.0
Copyright (C) 2008 CSIRO. All rights reserved.

[              ] Reading                                          [   0.09375 ]
                 C:\aWorkspace\CGI_GeoSciML\ConceptVocabWorkingGr              
                 oup\Vocabulary200811\SimpleLithology200811.xls..              
                 .                                                             
[              ] Data has been successfully exported.             [   1.54688 ]
[ GSML_SKOS... ] Processing thread has started.                   [   1.67188 ]
[ GSML_SKOS... ] Encoding data...                                 [   1.73438 ]
[ GSML_SKOS... ] Encoded data saved to                            [   2.70312 ]
                 C:\aWorkspace\CGI_GeoSciML\ConceptVocabWorkingGr              
                 oup\GSML_SKOS_fromXSL\SimpleLithology200811.rdf               
[ GSML_SKOS... ] Processing thread has finished.                  [   2.70312 ]
XL2XML XML v1.0.5.0
Copyright (C) 2008 CSIRO. All rights reserved.

[              ] Reading                                          [   0.09375 ]
                 C:\aWorkspace\CGI_GeoSciML\ConceptVocabWorkingGr              
                 oup\Vocabulary200811\StratigraphicRank200811.xls              
                 ...                                                           
[              ] Data has been successfully exported.             [       0.5 ]
[ GSML_SKOS... ] Processing thread has started.                   [   0.51562 ]
[ GSML_SKOS... ] Encoding data...                                 [   0.54688 ]
[ GSML_SKOS... ] Encoded data saved to                            [     0.625 ]
                 C:\aWorkspace\CGI_GeoSciML\ConceptVocabWorkingGr              
                 oup\GSML_SKOS_fromXSL\StratigraphicRank.rdf                   
[ GSML_SKOS... ] Processing thread has finished.                  [     0.625 ]
XL2XML XML v1.0.5.0
Copyright (C) 2008 CSIRO. All rights reserved.

[              ] Reading                                          [   0.07812 ]
                 C:\aWorkspace\CGI_GeoSciML\ConceptVocabWorkingGr              
                 oup\Vocabulary200811\ValueQualifier_CodeList2008              
                 11.xls...                                                     
[              ] Data has been successfully exported.             [   0.34375 ]
[ GSML_SKOS... ] Processing thread has started.                   [     0.375 ]
[ GSML_SKOS... ] Encoding data...                                 [   0.40625 ]
[ GSML_SKOS... ] Encoded data saved to                            [   0.48438 ]
                 C:\aWorkspace\CGI_GeoSciML\ConceptVocabWorkingGr              
                 oup\GSML_SKOS_fromXSL\ValueQualifier200811.rdf                
[ GSML_SKOS... ] Processing thread has finished.                  [   0.48438 ]
XL2XML XML v1.0.5.0
Copyright (C) 2008 CSIRO. All rights reserved.

[              ] Reading                                          [   0.07812 ]
                 C:\aWorkspace\CGI_GeoSciML\ConceptVocabWorkingGr              
                 oup\Vocabulary200811\VocabularyRelation200811.xl              
                 s...                                                          
[              ] Data has been successfully exported.             [   0.39062 ]
[ GSML_SKOS... ] Processing thread has started.                   [   0.40625 ]
[ GSML_SKOS... ] Encoding data...                                 [   0.45312 ]
[ GSML_SKOS... ] Encoded data saved to                            [   0.53125 ]
                 C:\aWorkspace\CGI_GeoSciML\ConceptVocabWorkingGr              
                 oup\GSML_SKOS_fromXSL\VocabularyRelation200811.r              
                 df                                                            
[ GSML_SKOS... ] Processing thread has finished.                  [   0.53125 ]
